Arguments: 
  C:\nodejs\node.exe C:\nodejs\node_global\node_modules\yarn\bin\yarn.js

PATH: 
  C:\WINDOWS\system32;C:\WINDOWS;C:\WINDOWS\System32\Wbem;C:\WINDOWS\System32\WindowsPowerShell\v1.0\;C:\WINDOWS\System32\OpenSSH\;C:\Program Files\Git\cmd;C:\nodejs\node_global;C:\nodejs\;C:\Users\怀磊\AppData\Local\Microsoft\WindowsApps;D:\workApp\Microsoft VS Code\bin;C:\Program Files\nodejs

Yarn version: 
  1.22.4

Node version: 
  12.16.0

Platform: 
  win32 x64

Trace: 
  Error: ENOENT: no such file or directory, copyfile 'C:\Users\怀磊\AppData\Local\Yarn\Cache\v6\npm-is-fullwidth-code-point-1.0.0-ef9e31386f031a7f0d643af82fde50c457ef00cb-integrity\node_modules\is-fullwidth-code-point\license' -> 'D:\啥都有++\备份mock\node_modules\gauge\node_modules\is-fullwidth-code-point\license'

npm manifest: 
  {
    "name": "admin-class",
    "version": "0.0.0",
    "description": "mall",
    "main": "index.js",
    "scripts": {
      "start": "cross-env NODE_ENV=development babel-node server/server.js",
      "build": "rm -rf build && cross-env NODE_ENV=production && webpack --progress --colors --config config/webpack.config.build.js",
      "release": "rm -rf build && cross-env NODE_ENV=production1 && webpack --colors --config config/webpack.config.release.js",
      "mock": "cross-env NODE_ENV=mock babel-node server/server.mock.js"
    },
    "repository": {
      "type": "git",
      "url": "git@git-v.megvii-inc.com:SmartRetail-fe/admin_class.git"
    },
    "author": "sherry",
    "license": "MIT",
    "devDependencies": {
      "babel-cli": "^6.26.0",
      "babel-core": "^6.26.3",
      "babel-eslint": "^8.2.6",
      "babel-loader": "^7.1.4",
      "babel-plugin-add-module-exports": "^0.2.1",
      "babel-plugin-module-resolver": "^3.1.1",
      "babel-plugin-transform-decorators-legacy": "^1.3.5",
      "babel-polyfill": "^6.26.0",
      "babel-preset-env": "^1.7.0",
      "babel-preset-es2015": "^6.24.1",
      "babel-preset-react": "^6.24.1",
      "babel-preset-stage-0": "^6.24.1",
      "babel-preset-stage-1": "^6.24.1",
      "babel-preset-stage-2": "^6.24.1",
      "babel-preset-stage-3": "^6.24.1",
      "chalk": "^2.4.1",
      "clean-webpack-plugin": "^0.1.19",
      "copyfiles": "^2.0.0",
      "cross-env": "^5.1.6",
      "css-loader": "^0.28.11",
      "cssnano": "^3.10.0",
      "eslint-import-resolver-babel-module": "^4.0.0",
      "eslint-plugin-jsx-a11y": "^6.1.2",
      "eslint-plugin-react": "^7.11.1",
      "events": "^3.0.0",
      "extract-text-webpack-plugin": "^4.0.0-beta.0",
      "file-loader": "^1.1.11",
      "fs": "^0.0.1-security",
      "html-loader": "^0.5.5",
      "html-webpack-plugin": "^3.2.0",
      "http": "^0.0.0",
      "http-proxy-middleware": "^0.19.0",
      "md5": "^2.2.1",
      "mockjs": "^1.0.1-beta3",
      "moment": "^2.22.2",
      "nice-try": "^2.0.0",
      "optimize-css-assets-webpack-plugin": "^4.0.2",
      "prettier": "^1.15.3",
      "prettier-eslint": "^8.8.2",
      "react-day-picker": "^7.2.4",
      "react-hot-loader": "^4.3.3",
      "react-toastify": "^4.4.2",
      "sass-loader": "^7.0.3",
      "services": "^0.0.3",
      "style-loader": "^0.21.0",
      "uglifyjs-webpack-plugin": "^2.0.1",
      "url": "^0.11.0",
      "url-loader": "^1.0.1",
      "webpack": "^4.12.1",
      "webpack-cli": "^3.0.8",
      "webpack-dev-middleware": "^3.1.3",
      "webpack-hot-middleware": "^2.22.2"
    },
    "dependencies": {
      "axios": "^0.18.0",
      "classnames": "^2.2.5",
      "debounce": "^1.2.0",
      "echarts": "^4.1.0",
      "express": "^4.16.3",
      "font-awesome": "^4.7.0",
      "md5": "^2.2.1",
      "mobx": "^5.0.0",
      "mobx-react": "^5.2.0",
      "mockjs": "^1.0.1-beta3",
      "moment": "^2.22.2",
      "node-sass": "^6.0.1",
      "react": "^16.4.1",
      "react-dom": "^16.4.1",
      "react-loadable": "^5.4.0",
      "react-router": "^4.3.1",
      "react-router-dom": "4.2.2",
      "react-toastify": "^4.1.0"
    }
  }

yarn manifest: 
  No manifest

Lockfile: 
  No lockfile
